<?xml version="1.0" encoding="UTF-8"?>
<!-- Generated by org.testng.reporters.JUnitReportReporter -->
<testsuite hostname="DESKTOP-35NB1NJ" failures="0" tests="2" name="RESTAPITest" time="0.007" errors="0" timestamp="2023-01-06T00:32:21 IST" skipped="0">
  <testcase classname="RESTAPITest" name="deleteTwitter" time="0.006"/>
  <system-out/>
  <testcase classname="RESTAPITest" name="postJira" time="0.001"/>
  <system-out/>
</testsuite> <!-- RESTAPITest -->
