<?xml version="1.0" encoding="UTF-8"?>
<!-- Generated by org.testng.reporters.JUnitReportReporter -->
<testsuite hostname="DESKTOP-35NB1NJ" failures="0" tests="2" name="SeleniumTest" time="0.009" errors="0" timestamp="2023-01-05T23:10:49 IST" skipped="0">
  <testcase classname="SeleniumTest" name="BrowserAutomation" time="0.008"/>
  <system-out/>
  <testcase classname="SeleniumTest" name="emelemtUi" time="0.001"/>
  <system-out/>
</testsuite> <!-- SeleniumTest -->
